<?xml version="1.0" encoding="UTF-8"?>
<testsuite name="Cucumber" time="423.607" tests="4" skipped="0" failures="4" errors="0">
<testcase classname="Revenue Calculator Functionality" name="Validate Revenue Calculator Page Load" time="106.942">
<failure type="org.openqa.selenium.TimeoutException" message="Expected condition failed: waiting for visibility of [[ChromeDriver: chrome on windows (abc9701d129bc0f27e97773938a59c44)] -&gt; xpath: //div[text()='Revenue Calculator']] (tried for 100 second(s) with 500 milliseconds interval)
Build info: version: '4.22.0', revision: 'c5f3146703*'
System info: os.name: 'Windows 10', os.arch: 'amd64', os.version: '10.0', java.version: '17.0.10'
Driver info: org.openqa.selenium.chrome.ChromeDriver
Capabilities {acceptInsecureCerts: false, browserName: chrome, browserVersion: 131.0.6778.86, chrome: {chromedriverVersion: 131.0.6778.85 (3d81e41b6f3a..., userDataDir: C:\Windows\SystemTemp\scope...}, fedcm:accounts: true, goog:chromeOptions: {debuggerAddress: localhost:55767}, networkConnectionEnabled: false, pageLoadStrategy: normal, platformName: windows, proxy: Proxy(), se:cdp: ws://localhost:55767/devtoo..., se:cdpVersion: 131.0.6778.86, setWindowRect: true, strictFileInteractability: false, timeouts: {implicit: 0, pageLoad: 300000, script: 30000}, unhandledPromptBehavior: dismiss and notify, webauthn:extension:credBlob: true, webauthn:extension:largeBlob: true, webauthn:extension:minPinLength: true, webauthn:extension:prf: true, webauthn:virtualAuthenticators: true}
Session ID: abc9701d129bc0f27e97773938a59c44">
<![CDATA[org.openqa.selenium.TimeoutException: Expected condition failed: waiting for visibility of [[ChromeDriver: chrome on windows (abc9701d129bc0f27e97773938a59c44)] -> xpath: //div[text()='Revenue Calculator']] (tried for 100 second(s) with 500 milliseconds interval)
Build info: version: '4.22.0', revision: 'c5f3146703*'
System info: os.name: 'Windows 10', os.arch: 'amd64', os.version: '10.0', java.version: '17.0.10'
Driver info: org.openqa.selenium.chrome.ChromeDriver
Capabilities {acceptInsecureCerts: false, browserName: chrome, browserVersion: 131.0.6778.86, chrome: {chromedriverVersion: 131.0.6778.85 (3d81e41b6f3a..., userDataDir: C:\Windows\SystemTemp\scope...}, fedcm:accounts: true, goog:chromeOptions: {debuggerAddress: localhost:55767}, networkConnectionEnabled: false, pageLoadStrategy: normal, platformName: windows, proxy: Proxy(), se:cdp: ws://localhost:55767/devtoo..., se:cdpVersion: 131.0.6778.86, setWindowRect: true, strictFileInteractability: false, timeouts: {implicit: 0, pageLoad: 300000, script: 30000}, unhandledPromptBehavior: dismiss and notify, webauthn:extension:credBlob: true, webauthn:extension:largeBlob: true, webauthn:extension:minPinLength: true, webauthn:extension:prf: true, webauthn:virtualAuthenticators: true}
Session ID: abc9701d129bc0f27e97773938a59c44
	at org.openqa.selenium.support.ui.WebDriverWait.timeoutException(WebDriverWait.java:84)
	at org.openqa.selenium.support.ui.FluentWait.until(FluentWait.java:228)
	at utils.ElementUtils.waitForWebElement(ElementUtils.java:26)
	at utils.ElementUtils.clickOnWebElements(ElementUtils.java:30)
	at pages.HomePage.clickOnRevenueCalculatorBtn(HomePage.java:49)
	at stepdefinitions.RevenueCalculator.user_navigates_to_the_revenue_calculator_page(RevenueCalculator.java:33)
	at ✽.User navigates to the Revenue Calculator page(file:///C:/SeleniumProjects/FitPeoCucumberProject/src/test/resource/features/RevenueCalculator.feature:10)
]]>
</failure>
<system-out><![CDATA[
Given User opens the web browser............................................passed
And User navigates to the FitPeo Homepage...................................passed
And User navigates to the Revenue Calculator page...........................failed
Then User should see the Revenue Calculator page loaded successfully........skipped
]]></system-out>
</testcase>
<testcase classname="Revenue Calculator Functionality" name="Adjust the slider and validate its value" time="105.529">
<failure type="org.openqa.selenium.TimeoutException" message="Expected condition failed: waiting for visibility of [[ChromeDriver: chrome on windows (a96697376722d62bed1552f52f07ed5a)] -&gt; xpath: //div[text()='Revenue Calculator']] (tried for 100 second(s) with 500 milliseconds interval)
Build info: version: '4.22.0', revision: 'c5f3146703*'
System info: os.name: 'Windows 10', os.arch: 'amd64', os.version: '10.0', java.version: '17.0.10'
Driver info: org.openqa.selenium.chrome.ChromeDriver
Capabilities {acceptInsecureCerts: false, browserName: chrome, browserVersion: 131.0.6778.86, chrome: {chromedriverVersion: 131.0.6778.85 (3d81e41b6f3a..., userDataDir: C:\Windows\SystemTemp\scope...}, fedcm:accounts: true, goog:chromeOptions: {debuggerAddress: localhost:55918}, networkConnectionEnabled: false, pageLoadStrategy: normal, platformName: windows, proxy: Proxy(), se:cdp: ws://localhost:55918/devtoo..., se:cdpVersion: 131.0.6778.86, setWindowRect: true, strictFileInteractability: false, timeouts: {implicit: 0, pageLoad: 300000, script: 30000}, unhandledPromptBehavior: dismiss and notify, webauthn:extension:credBlob: true, webauthn:extension:largeBlob: true, webauthn:extension:minPinLength: true, webauthn:extension:prf: true, webauthn:virtualAuthenticators: true}
Session ID: a96697376722d62bed1552f52f07ed5a">
<![CDATA[org.openqa.selenium.TimeoutException: Expected condition failed: waiting for visibility of [[ChromeDriver: chrome on windows (a96697376722d62bed1552f52f07ed5a)] -> xpath: //div[text()='Revenue Calculator']] (tried for 100 second(s) with 500 milliseconds interval)
Build info: version: '4.22.0', revision: 'c5f3146703*'
System info: os.name: 'Windows 10', os.arch: 'amd64', os.version: '10.0', java.version: '17.0.10'
Driver info: org.openqa.selenium.chrome.ChromeDriver
Capabilities {acceptInsecureCerts: false, browserName: chrome, browserVersion: 131.0.6778.86, chrome: {chromedriverVersion: 131.0.6778.85 (3d81e41b6f3a..., userDataDir: C:\Windows\SystemTemp\scope...}, fedcm:accounts: true, goog:chromeOptions: {debuggerAddress: localhost:55918}, networkConnectionEnabled: false, pageLoadStrategy: normal, platformName: windows, proxy: Proxy(), se:cdp: ws://localhost:55918/devtoo..., se:cdpVersion: 131.0.6778.86, setWindowRect: true, strictFileInteractability: false, timeouts: {implicit: 0, pageLoad: 300000, script: 30000}, unhandledPromptBehavior: dismiss and notify, webauthn:extension:credBlob: true, webauthn:extension:largeBlob: true, webauthn:extension:minPinLength: true, webauthn:extension:prf: true, webauthn:virtualAuthenticators: true}
Session ID: a96697376722d62bed1552f52f07ed5a
	at org.openqa.selenium.support.ui.WebDriverWait.timeoutException(WebDriverWait.java:84)
	at org.openqa.selenium.support.ui.FluentWait.until(FluentWait.java:228)
	at utils.ElementUtils.waitForWebElement(ElementUtils.java:26)
	at utils.ElementUtils.clickOnWebElements(ElementUtils.java:30)
	at pages.HomePage.clickOnRevenueCalculatorBtn(HomePage.java:49)
	at stepdefinitions.RevenueCalculator.user_navigates_to_the_revenue_calculator_page(RevenueCalculator.java:33)
	at ✽.User navigates to the Revenue Calculator page(file:///C:/SeleniumProjects/FitPeoCucumberProject/src/test/resource/features/RevenueCalculator.feature:10)
]]>
</failure>
<system-out><![CDATA[
Given User opens the web browser............................................passed
And User navigates to the FitPeo Homepage...................................passed
And User navigates to the Revenue Calculator page...........................failed
When User scrolls down to the slider section................................skipped
And User adjusts the slider to set its value to 820.........................skipped
Then The bottom text field value should update to "820".....................skipped
]]></system-out>
</testcase>
<testcase classname="Revenue Calculator Functionality" name="Update the text field and validate slider position" time="105.78">
<failure type="org.openqa.selenium.TimeoutException" message="Expected condition failed: waiting for visibility of [[ChromeDriver: chrome on windows (f7cbd17358ea0534860e2849c7408d42)] -&gt; xpath: //div[text()='Revenue Calculator']] (tried for 100 second(s) with 500 milliseconds interval)
Build info: version: '4.22.0', revision: 'c5f3146703*'
System info: os.name: 'Windows 10', os.arch: 'amd64', os.version: '10.0', java.version: '17.0.10'
Driver info: org.openqa.selenium.chrome.ChromeDriver
Capabilities {acceptInsecureCerts: false, browserName: chrome, browserVersion: 131.0.6778.86, chrome: {chromedriverVersion: 131.0.6778.85 (3d81e41b6f3a..., userDataDir: C:\Windows\SystemTemp\scope...}, fedcm:accounts: true, goog:chromeOptions: {debuggerAddress: localhost:56149}, networkConnectionEnabled: false, pageLoadStrategy: normal, platformName: windows, proxy: Proxy(), se:cdp: ws://localhost:56149/devtoo..., se:cdpVersion: 131.0.6778.86, setWindowRect: true, strictFileInteractability: false, timeouts: {implicit: 0, pageLoad: 300000, script: 30000}, unhandledPromptBehavior: dismiss and notify, webauthn:extension:credBlob: true, webauthn:extension:largeBlob: true, webauthn:extension:minPinLength: true, webauthn:extension:prf: true, webauthn:virtualAuthenticators: true}
Session ID: f7cbd17358ea0534860e2849c7408d42">
<![CDATA[org.openqa.selenium.TimeoutException: Expected condition failed: waiting for visibility of [[ChromeDriver: chrome on windows (f7cbd17358ea0534860e2849c7408d42)] -> xpath: //div[text()='Revenue Calculator']] (tried for 100 second(s) with 500 milliseconds interval)
Build info: version: '4.22.0', revision: 'c5f3146703*'
System info: os.name: 'Windows 10', os.arch: 'amd64', os.version: '10.0', java.version: '17.0.10'
Driver info: org.openqa.selenium.chrome.ChromeDriver
Capabilities {acceptInsecureCerts: false, browserName: chrome, browserVersion: 131.0.6778.86, chrome: {chromedriverVersion: 131.0.6778.85 (3d81e41b6f3a..., userDataDir: C:\Windows\SystemTemp\scope...}, fedcm:accounts: true, goog:chromeOptions: {debuggerAddress: localhost:56149}, networkConnectionEnabled: false, pageLoadStrategy: normal, platformName: windows, proxy: Proxy(), se:cdp: ws://localhost:56149/devtoo..., se:cdpVersion: 131.0.6778.86, setWindowRect: true, strictFileInteractability: false, timeouts: {implicit: 0, pageLoad: 300000, script: 30000}, unhandledPromptBehavior: dismiss and notify, webauthn:extension:credBlob: true, webauthn:extension:largeBlob: true, webauthn:extension:minPinLength: true, webauthn:extension:prf: true, webauthn:virtualAuthenticators: true}
Session ID: f7cbd17358ea0534860e2849c7408d42
	at org.openqa.selenium.support.ui.WebDriverWait.timeoutException(WebDriverWait.java:84)
	at org.openqa.selenium.support.ui.FluentWait.until(FluentWait.java:228)
	at utils.ElementUtils.waitForWebElement(ElementUtils.java:26)
	at utils.ElementUtils.clickOnWebElements(ElementUtils.java:30)
	at pages.HomePage.clickOnRevenueCalculatorBtn(HomePage.java:49)
	at stepdefinitions.RevenueCalculator.user_navigates_to_the_revenue_calculator_page(RevenueCalculator.java:33)
	at ✽.User navigates to the Revenue Calculator page(file:///C:/SeleniumProjects/FitPeoCucumberProject/src/test/resource/features/RevenueCalculator.feature:10)
]]>
</failure>
<system-out><![CDATA[
Given User opens the web browser............................................passed
And User navigates to the FitPeo Homepage...................................passed
And User navigates to the Revenue Calculator page...........................failed
When User clicks on the text field associated with the slider...............skipped
And User enters the value 560 in the text field.............................skipped
Then The slider position should update to reflect the value 560.............skipped
]]></system-out>
</testcase>
<testcase classname="Revenue Calculator Functionality" name="Select CPT codes and validate total reimbursement" time="104.912">
<failure type="org.openqa.selenium.TimeoutException" message="Expected condition failed: waiting for visibility of [[ChromeDriver: chrome on windows (ca30e4db4b79593413db4c04d9a7f73d)] -&gt; xpath: //div[text()='Revenue Calculator']] (tried for 100 second(s) with 500 milliseconds interval)
Build info: version: '4.22.0', revision: 'c5f3146703*'
System info: os.name: 'Windows 10', os.arch: 'amd64', os.version: '10.0', java.version: '17.0.10'
Driver info: org.openqa.selenium.chrome.ChromeDriver
Capabilities {acceptInsecureCerts: false, browserName: chrome, browserVersion: 131.0.6778.86, chrome: {chromedriverVersion: 131.0.6778.85 (3d81e41b6f3a..., userDataDir: C:\Windows\SystemTemp\scope...}, fedcm:accounts: true, goog:chromeOptions: {debuggerAddress: localhost:56311}, networkConnectionEnabled: false, pageLoadStrategy: normal, platformName: windows, proxy: Proxy(), se:cdp: ws://localhost:56311/devtoo..., se:cdpVersion: 131.0.6778.86, setWindowRect: true, strictFileInteractability: false, timeouts: {implicit: 0, pageLoad: 300000, script: 30000}, unhandledPromptBehavior: dismiss and notify, webauthn:extension:credBlob: true, webauthn:extension:largeBlob: true, webauthn:extension:minPinLength: true, webauthn:extension:prf: true, webauthn:virtualAuthenticators: true}
Session ID: ca30e4db4b79593413db4c04d9a7f73d">
<![CDATA[org.openqa.selenium.TimeoutException: Expected condition failed: waiting for visibility of [[ChromeDriver: chrome on windows (ca30e4db4b79593413db4c04d9a7f73d)] -> xpath: //div[text()='Revenue Calculator']] (tried for 100 second(s) with 500 milliseconds interval)
Build info: version: '4.22.0', revision: 'c5f3146703*'
System info: os.name: 'Windows 10', os.arch: 'amd64', os.version: '10.0', java.version: '17.0.10'
Driver info: org.openqa.selenium.chrome.ChromeDriver
Capabilities {acceptInsecureCerts: false, browserName: chrome, browserVersion: 131.0.6778.86, chrome: {chromedriverVersion: 131.0.6778.85 (3d81e41b6f3a..., userDataDir: C:\Windows\SystemTemp\scope...}, fedcm:accounts: true, goog:chromeOptions: {debuggerAddress: localhost:56311}, networkConnectionEnabled: false, pageLoadStrategy: normal, platformName: windows, proxy: Proxy(), se:cdp: ws://localhost:56311/devtoo..., se:cdpVersion: 131.0.6778.86, setWindowRect: true, strictFileInteractability: false, timeouts: {implicit: 0, pageLoad: 300000, script: 30000}, unhandledPromptBehavior: dismiss and notify, webauthn:extension:credBlob: true, webauthn:extension:largeBlob: true, webauthn:extension:minPinLength: true, webauthn:extension:prf: true, webauthn:virtualAuthenticators: true}
Session ID: ca30e4db4b79593413db4c04d9a7f73d
	at org.openqa.selenium.support.ui.WebDriverWait.timeoutException(WebDriverWait.java:84)
	at org.openqa.selenium.support.ui.FluentWait.until(FluentWait.java:228)
	at utils.ElementUtils.waitForWebElement(ElementUtils.java:26)
	at utils.ElementUtils.clickOnWebElements(ElementUtils.java:30)
	at pages.HomePage.clickOnRevenueCalculatorBtn(HomePage.java:49)
	at stepdefinitions.RevenueCalculator.user_navigates_to_the_revenue_calculator_page(RevenueCalculator.java:33)
	at ✽.User navigates to the Revenue Calculator page(file:///C:/SeleniumProjects/FitPeoCucumberProject/src/test/resource/features/RevenueCalculator.feature:10)
]]>
</failure>
<system-out><![CDATA[
Given User opens the web browser............................................passed
And User navigates to the FitPeo Homepage...................................passed
And User navigates to the Revenue Calculator page...........................failed
When User scrolls down to the slider section................................skipped
And User adjusts the slider to set its value to 820.........................skipped
And User selects the checkboxes for:........................................skipped
Then The header displaying Total Recurring Reimbursement for all Patients Per Month "$110700".skipped
]]></system-out>
</testcase>
</testsuite>
